2021-03-18 09:14:06.992 [http-nio-8082-exec-8] WARN  com.zaxxer.hikari.util.DriverDataSource - Registered driver with driverClassName=com.mysql.jdbc.Driver was not found, trying direct instantiation.
2021-03-18 09:14:07.330 [http-nio-8082-exec-8] WARN  org.springframework.web.servlet.mvc.method.annotation.ExceptionHandlerExceptionResolver - Resolved [org.mybatis.spring.MyBatisSystemException: nested exception is org.apache.ibatis.executor.ExecutorException: A query was run and no Result Maps were found for the Mapped Statement 'com.example.demo.inventory.mapper.InventoryMapper.countInventoryName'.  It's likely that neither a Result Type nor a Result Map was specified.]
2021-03-18 09:14:33.608 [http-nio-8082-exec-4] WARN  org.springframework.web.servlet.mvc.method.annotation.ExceptionHandlerExceptionResolver - Resolved [org.mybatis.spring.MyBatisSystemException: nested exception is org.apache.ibatis.executor.ExecutorException: A query was run and no Result Maps were found for the Mapped Statement 'com.example.demo.inventory.mapper.InventoryMapper.countInventoryName'.  It's likely that neither a Result Type nor a Result Map was specified.]
2021-03-18 09:15:53.388 [http-nio-8082-exec-1] WARN  com.zaxxer.hikari.util.DriverDataSource - Registered driver with driverClassName=com.mysql.jdbc.Driver was not found, trying direct instantiation.
2021-03-18 09:15:53.780 [http-nio-8082-exec-1] WARN  org.springframework.web.servlet.mvc.method.annotation.ExceptionHandlerExceptionResolver - Resolved [org.springframework.dao.DataIntegrityViolationException: 
### Error updating database.  Cause: com.mysql.cj.jdbc.exceptions.MysqlDataTruncation: Data truncation: Truncated incorrect DOUBLE value: 'string'
### The error may involve com.example.demo.inventory.mapper.InventoryMapper.addInventoryCount-Inline
### The error occurred while setting parameters
### SQL: update inventory_manage         set             inventory_count = inventory_count +?         where inventory_name = ?
### Cause: com.mysql.cj.jdbc.exceptions.MysqlDataTruncation: Data truncation: Truncated incorrect DOUBLE value: 'string'
; Data truncation: Truncated incorrect DOUBLE value: 'string'; nested exception is com.mysql.cj.jdbc.exceptions.MysqlDataTruncation: Data truncation: Truncated incorrect DOUBLE value: 'string']
2021-03-18 09:17:51.912 [http-nio-8082-exec-2] WARN  com.zaxxer.hikari.util.DriverDataSource - Registered driver with driverClassName=com.mysql.jdbc.Driver was not found, trying direct instantiation.
2021-03-18 09:17:52.445 [http-nio-8082-exec-2] WARN  org.springframework.web.servlet.mvc.method.annotation.ExceptionHandlerExceptionResolver - Resolved [org.springframework.dao.DataIntegrityViolationException: 
### Error updating database.  Cause: com.mysql.cj.jdbc.exceptions.MysqlDataTruncation: Data truncation: Truncated incorrect DOUBLE value: 'string'
### The error may involve com.example.demo.inventory.mapper.InventoryMapper.addInventoryCount-Inline
### The error occurred while setting parameters
### SQL: update inventory_manage         set             inventory_count = inventory_count +?         where inventory_name = ?
### Cause: com.mysql.cj.jdbc.exceptions.MysqlDataTruncation: Data truncation: Truncated incorrect DOUBLE value: 'string'
; Data truncation: Truncated incorrect DOUBLE value: 'string'; nested exception is com.mysql.cj.jdbc.exceptions.MysqlDataTruncation: Data truncation: Truncated incorrect DOUBLE value: 'string']
2021-03-18 09:19:48.554 [http-nio-8082-exec-1] WARN  org.springframework.web.servlet.mvc.method.annotation.ExceptionHandlerExceptionResolver - Resolved [java.lang.NumberFormatException: For input string: "string"]
2021-03-18 09:20:49.475 [http-nio-8082-exec-2] WARN  com.zaxxer.hikari.util.DriverDataSource - Registered driver with driverClassName=com.mysql.jdbc.Driver was not found, trying direct instantiation.
2021-03-18 09:20:49.831 [http-nio-8082-exec-2] WARN  org.springframework.web.servlet.mvc.method.annotation.ExceptionHandlerExceptionResolver - Resolved [org.mybatis.spring.MyBatisSystemException: nested exception is org.apache.ibatis.type.TypeException: Could not set parameters for mapping: ParameterMapping{property='inventoryCount', mode=IN, javaType=class java.lang.String, jdbcType=null, numericScale=null, resultMapId='null', jdbcTypeName='null', expression='null'}. Cause: org.apache.ibatis.type.TypeException: Error setting non null for parameter #1 with JdbcType null . Try setting a different JdbcType for this parameter or a different configuration property. Cause: java.lang.ClassCastException: java.lang.Integer cannot be cast to java.lang.String]
2021-03-18 09:23:26.356 [http-nio-8082-exec-2] WARN  com.zaxxer.hikari.util.DriverDataSource - Registered driver with driverClassName=com.mysql.jdbc.Driver was not found, trying direct instantiation.
2021-03-18 09:23:26.830 [http-nio-8082-exec-2] WARN  org.springframework.web.servlet.mvc.method.annotation.ExceptionHandlerExceptionResolver - Resolved [org.mybatis.spring.MyBatisSystemException: nested exception is org.apache.ibatis.type.TypeException: Could not set parameters for mapping: ParameterMapping{property='inventoryCount', mode=IN, javaType=class java.lang.String, jdbcType=null, numericScale=null, resultMapId='null', jdbcTypeName='null', expression='null'}. Cause: org.apache.ibatis.type.TypeException: Error setting non null for parameter #1 with JdbcType null . Try setting a different JdbcType for this parameter or a different configuration property. Cause: java.lang.ClassCastException: java.lang.Integer cannot be cast to java.lang.String]
2021-03-18 09:28:16.515 [http-nio-8082-exec-1] WARN  com.zaxxer.hikari.util.DriverDataSource - Registered driver with driverClassName=com.mysql.jdbc.Driver was not found, trying direct instantiation.
2021-03-18 09:29:36.666 [inventory housekeeper] WARN  com.zaxxer.hikari.pool.HikariPool - inventory - Thread starvation or clock leap detected (housekeeper delta=1m19s160ms837µs800ns).
2021-03-18 09:29:36.754 [http-nio-8082-exec-1] WARN  org.springframework.web.servlet.mvc.method.annotation.ExceptionHandlerExceptionResolver - Resolved [org.mybatis.spring.MyBatisSystemException: nested exception is org.apache.ibatis.type.TypeException: Could not set parameters for mapping: ParameterMapping{property='inventoryCount', mode=IN, javaType=class java.lang.String, jdbcType=null, numericScale=null, resultMapId='null', jdbcTypeName='null', expression='null'}. Cause: org.apache.ibatis.type.TypeException: Error setting non null for parameter #1 with JdbcType null . Try setting a different JdbcType for this parameter or a different configuration property. Cause: java.lang.ClassCastException: java.lang.Integer cannot be cast to java.lang.String]
2021-03-18 09:29:54.115 [http-nio-8082-exec-1] WARN  com.zaxxer.hikari.util.DriverDataSource - Registered driver with driverClassName=com.mysql.jdbc.Driver was not found, trying direct instantiation.
2021-03-18 09:29:54.567 [http-nio-8082-exec-1] WARN  org.springframework.web.servlet.mvc.method.annotation.ExceptionHandlerExceptionResolver - Resolved [org.mybatis.spring.MyBatisSystemException: nested exception is org.apache.ibatis.type.TypeException: Could not set parameters for mapping: ParameterMapping{property='inventoryName', mode=IN, javaType=class java.lang.Integer, jdbcType=null, numericScale=null, resultMapId='null', jdbcTypeName='null', expression='null'}. Cause: org.apache.ibatis.type.TypeException: Error setting non null for parameter #2 with JdbcType null . Try setting a different JdbcType for this parameter or a different configuration property. Cause: java.lang.ClassCastException: java.lang.String cannot be cast to java.lang.Integer]
2021-03-18 09:30:47.247 [http-nio-8082-exec-1] WARN  com.zaxxer.hikari.util.DriverDataSource - Registered driver with driverClassName=com.mysql.jdbc.Driver was not found, trying direct instantiation.
2021-03-18 10:09:06.418 [http-nio-8082-exec-10] WARN  com.zaxxer.hikari.util.DriverDataSource - Registered driver with driverClassName=com.mysql.jdbc.Driver was not found, trying direct instantiation.
2021-03-18 10:26:55.523 [http-nio-8082-exec-1] WARN  com.zaxxer.hikari.util.DriverDataSource - Registered driver with driverClassName=com.mysql.jdbc.Driver was not found, trying direct instantiation.
2021-03-18 10:26:55.851 [http-nio-8082-exec-1] WARN  org.springframework.web.servlet.mvc.method.annotation.ExceptionHandlerExceptionResolver - Resolved [org.apache.ibatis.exceptions.PersistenceException: 
### Error updating database.  Cause: java.sql.SQLException: Incorrect integer value: 'string' for column 'inventory_count' at row 1
### The error may involve com.example.demo.inventory.mapper.InventoryMapper.updateInventory-Inline
### The error occurred while setting parameters
### SQL: update inventory_manage         set             inventory_name      = ?,             img_path            = ?,             inventory_type      = ?,             inventory_describe  = ?,             inventory_size      = ?,             inventory_address   = ?,             inventory_info      = ?,             barcode             = ?,             inventory_ori_price = ?,             inventory_pre_price = ?,             inventory_count     = ?,             create_user         = ?,             create_time         = now()         where inventory_id = ?
### Cause: java.sql.SQLException: Incorrect integer value: 'string' for column 'inventory_count' at row 1]
2021-03-18 10:42:25.215 [restartedMain] WARN  springfox.documentation.spring.web.readers.parameter.ParameterDataTypeReader - Trying to infer dataType java.util.List<java.lang.String>
2021-03-18 10:53:14.775 [http-nio-8082-exec-8] WARN  org.springframework.web.servlet.mvc.method.annotation.ExceptionHandlerExceptionResolver - Resolved [org.mybatis.spring.MyBatisSystemException: nested exception is org.apache.ibatis.binding.BindingException: Parameter 'inventoryId' not found. Available parameters are [collection, list]]
2021-03-18 10:54:34.184 [http-nio-8082-exec-2] WARN  com.zaxxer.hikari.util.DriverDataSource - Registered driver with driverClassName=com.mysql.jdbc.Driver was not found, trying direct instantiation.
2021-03-18 13:53:06.532 [http-nio-8082-exec-1] WARN  org.springframework.web.servlet.mvc.method.annotation.ExceptionHandlerExceptionResolver - Resolved [org.apache.ibatis.binding.BindingException: Invalid bound statement (not found): com.example.demo.godown.mapper.GodownMapper.addGodown]
2021-03-18 13:57:53.771 [http-nio-8082-exec-1] WARN  com.zaxxer.hikari.util.DriverDataSource - Registered driver with driverClassName=com.mysql.jdbc.Driver was not found, trying direct instantiation.
2021-03-18 13:57:54.228 [http-nio-8082-exec-1] WARN  org.springframework.web.servlet.mvc.method.annotation.ExceptionHandlerExceptionResolver - Resolved [org.springframework.jdbc.BadSqlGrammarException: 
### Error updating database.  Cause: java.sql.SQLException: Column count doesn't match value count at row 1
### The error may involve com.example.demo.godown.mapper.GodownMapper.addGodown-Inline
### The error occurred while setting parameters
### SQL: insert into godown         values         (             ?,             ?,             ?,             ?,             ?,             ?,             ?,             ?,             ?,             ?,             ?,             ?,             ?,             now(),             0          )
### Cause: java.sql.SQLException: Column count doesn't match value count at row 1
; bad SQL grammar []; nested exception is java.sql.SQLException: Column count doesn't match value count at row 1]
2021-03-18 14:00:18.099 [http-nio-8082-exec-1] WARN  com.zaxxer.hikari.util.DriverDataSource - Registered driver with driverClassName=com.mysql.jdbc.Driver was not found, trying direct instantiation.
2021-03-18 14:14:32.780 [http-nio-8082-exec-10] WARN  com.zaxxer.hikari.util.DriverDataSource - Registered driver with driverClassName=com.mysql.jdbc.Driver was not found, trying direct instantiation.
2021-03-18 14:26:46.605 [http-nio-8082-exec-4] WARN  com.zaxxer.hikari.util.DriverDataSource - Registered driver with driverClassName=com.mysql.jdbc.Driver was not found, trying direct instantiation.
2021-03-18 14:26:46.995 [http-nio-8082-exec-4] WARN  org.springframework.web.servlet.mvc.method.annotation.ExceptionHandlerExceptionResolver - Resolved [org.apache.ibatis.exceptions.PersistenceException: 
### Error updating database.  Cause: java.sql.SQLException: Incorrect integer value: 'string' for column 'godown_count' at row 1
### The error may involve com.example.demo.godown.mapper.GodownMapper.updateGodown-Inline
### The error occurred while setting parameters
### SQL: update godown         set             godown_name         = ?,             img_path            = ?,             godown_type      = ?,             godown_describe  = ?,             godown_size      = ?,             godown_address   = ?,             godown_info      = ?,             barcode             = ?,             godown_ori_price = ?,             godown_pre_price = ?,             godown_count     = ?,             create_user         = ?,             godown_time         = ?,             create_time         = now()         where godown_id = ?
### Cause: java.sql.SQLException: Incorrect integer value: 'string' for column 'godown_count' at row 1]
2021-03-18 14:42:24.140 [http-nio-8082-exec-10] WARN  com.zaxxer.hikari.util.DriverDataSource - Registered driver with driverClassName=com.mysql.jdbc.Driver was not found, trying direct instantiation.
2021-03-18 15:12:58.401 [restartedMain] WARN  org.springframework.boot.web.servlet.context.AnnotationConfigServletWebServerApplicationContext - Exception encountered during context initialization - cancelling refresh attempt: org.springframework.beans.factory.UnsatisfiedDependencyException: Error creating bean with name 'documentationPluginsBootstrapper' defined in URL [jar:file:/C:/Users/Administrator/.m2/repository/io/springfox/springfox-spring-web/2.9.2/springfox-spring-web-2.9.2.jar!/springfox/documentation/spring/web/plugins/DocumentationPluginsBootstrapper.class]: Unsatisfied dependency expressed through constructor parameter 1; nested exception is org.springframework.beans.factory.UnsatisfiedDependencyException: Error creating bean with name 'webMvcRequestHandlerProvider' defined in URL [jar:file:/C:/Users/Administrator/.m2/repository/io/springfox/springfox-spring-web/2.9.2/springfox-spring-web-2.9.2.jar!/springfox/documentation/spring/web/plugins/WebMvcRequestHandlerProvider.class]: Unsatisfied dependency expressed through constructor parameter 1; nested exception is org.springframework.beans.factory.BeanCreationException: Error creating bean with name 'requestMappingHandlerMapping' defined in class path resource [org/springframework/boot/autoconfigure/web/servlet/WebMvcAutoConfiguration$EnableWebMvcConfiguration.class]: Invocation of init method failed; nested exception is java.lang.IllegalStateException: Ambiguous mapping. Cannot map 'outdownController' method 
com.example.demo.outdown.controller.OutdownController#updateStatus(String, String)
to {POST [/api1/updateStatus]}: There is already 'godownController' bean method
com.example.demo.godown.controller.GodownController#updateStatus(String, String) mapped.
2021-03-18 15:37:56.797 [restartedMain] WARN  org.springframework.boot.web.servlet.context.AnnotationConfigServletWebServerApplicationContext - Exception encountered during context initialization - cancelling refresh attempt: org.springframework.beans.factory.UnsatisfiedDependencyException: Error creating bean with name 'documentationPluginsBootstrapper' defined in URL [jar:file:/C:/Users/Administrator/.m2/repository/io/springfox/springfox-spring-web/2.9.2/springfox-spring-web-2.9.2.jar!/springfox/documentation/spring/web/plugins/DocumentationPluginsBootstrapper.class]: Unsatisfied dependency expressed through constructor parameter 1; nested exception is org.springframework.beans.factory.UnsatisfiedDependencyException: Error creating bean with name 'webMvcRequestHandlerProvider' defined in URL [jar:file:/C:/Users/Administrator/.m2/repository/io/springfox/springfox-spring-web/2.9.2/springfox-spring-web-2.9.2.jar!/springfox/documentation/spring/web/plugins/WebMvcRequestHandlerProvider.class]: Unsatisfied dependency expressed through constructor parameter 1; nested exception is org.springframework.beans.factory.BeanCreationException: Error creating bean with name 'requestMappingHandlerMapping' defined in class path resource [org/springframework/boot/autoconfigure/web/servlet/WebMvcAutoConfiguration$EnableWebMvcConfiguration.class]: Invocation of init method failed; nested exception is java.lang.IllegalStateException: Ambiguous mapping. Cannot map 'outdownController' method 
com.example.demo.outdown.controller.OutdownController#updateGodown(GodownInfo)
to {POST [/api1/updateGodown]}: There is already 'godownController' bean method
com.example.demo.godown.controller.GodownController#updateGodown(GodownInfo) mapped.
2021-03-18 16:02:49.667 [http-nio-8082-exec-6] WARN  com.zaxxer.hikari.util.DriverDataSource - Registered driver with driverClassName=com.mysql.jdbc.Driver was not found, trying direct instantiation.
2021-03-18 16:02:50.200 [http-nio-8082-exec-6] WARN  org.springframework.web.servlet.mvc.method.annotation.ExceptionHandlerExceptionResolver - Resolved [org.apache.ibatis.binding.BindingException: Invalid bound statement (not found): com.example.demo.outdown.mapper.OutdownMapper.addOutdown]
2021-03-18 16:15:03.455 [http-nio-8082-exec-1] WARN  com.zaxxer.hikari.util.DriverDataSource - Registered driver with driverClassName=com.mysql.jdbc.Driver was not found, trying direct instantiation.
2021-03-18 16:29:05.648 [http-nio-8082-exec-10] WARN  com.zaxxer.hikari.util.DriverDataSource - Registered driver with driverClassName=com.mysql.jdbc.Driver was not found, trying direct instantiation.
2021-03-18 16:35:41.679 [http-nio-8082-exec-4] WARN  com.zaxxer.hikari.util.DriverDataSource - Registered driver with driverClassName=com.mysql.jdbc.Driver was not found, trying direct instantiation.
2021-03-18 16:35:42.031 [http-nio-8082-exec-4] WARN  org.springframework.web.servlet.mvc.method.annotation.ExceptionHandlerExceptionResolver - Resolved [org.apache.ibatis.exceptions.PersistenceException: 
### Error updating database.  Cause: java.sql.SQLException: Incorrect integer value: 'string' for column 'outdown_cnt' at row 1
### The error may involve com.example.demo.outdown.mapper.OutdownMapper.updateOutdown-Inline
### The error occurred while setting parameters
### SQL: update outdown         set             img_path            = ?,             customer_name      = ?,             customer_phone  = ?,             customer_address      = ?,             inventory_name   = ?,             barcode             = ?,             outdown_cnt  = ?,             outdown_price = ?,             outdown_all_price     = ?         where outdown_id = ?
### Cause: java.sql.SQLException: Incorrect integer value: 'string' for column 'outdown_cnt' at row 1]
2021-03-18 16:35:50.909 [http-nio-8082-exec-3] WARN  org.springframework.web.servlet.mvc.method.annotation.ExceptionHandlerExceptionResolver - Resolved [org.springframework.dao.DataIntegrityViolationException: 
### Error updating database.  Cause: java.sql.SQLException: Data truncated for column 'outdown_price' at row 1
### The error may involve com.example.demo.outdown.mapper.OutdownMapper.updateOutdown-Inline
### The error occurred while setting parameters
### SQL: update outdown         set             img_path            = ?,             customer_name      = ?,             customer_phone  = ?,             customer_address      = ?,             inventory_name   = ?,             barcode             = ?,             outdown_cnt  = ?,             outdown_price = ?,             outdown_all_price     = ?         where outdown_id = ?
### Cause: java.sql.SQLException: Data truncated for column 'outdown_price' at row 1
; Data truncated for column 'outdown_price' at row 1; nested exception is java.sql.SQLException: Data truncated for column 'outdown_price' at row 1]
2021-03-18 16:36:00.598 [http-nio-8082-exec-7] WARN  org.springframework.web.servlet.mvc.method.annotation.ExceptionHandlerExceptionResolver - Resolved [org.springframework.dao.DataIntegrityViolationException: 
### Error updating database.  Cause: java.sql.SQLException: Data truncated for column 'outdown_all_price' at row 1
### The error may involve com.example.demo.outdown.mapper.OutdownMapper.updateOutdown-Inline
### The error occurred while setting parameters
### SQL: update outdown         set             img_path            = ?,             customer_name      = ?,             customer_phone  = ?,             customer_address      = ?,             inventory_name   = ?,             barcode             = ?,             outdown_cnt  = ?,             outdown_price = ?,             outdown_all_price     = ?         where outdown_id = ?
### Cause: java.sql.SQLException: Data truncated for column 'outdown_all_price' at row 1
; Data truncated for column 'outdown_all_price' at row 1; nested exception is java.sql.SQLException: Data truncated for column 'outdown_all_price' at row 1]
2021-03-18 16:48:10.953 [http-nio-8082-exec-10] WARN  com.zaxxer.hikari.util.DriverDataSource - Registered driver with driverClassName=com.mysql.jdbc.Driver was not found, trying direct instantiation.
2021-03-18 16:48:11.206 [http-nio-8082-exec-10] WARN  org.springframework.web.servlet.mvc.method.annotation.ExceptionHandlerExceptionResolver - Resolved [org.mybatis.spring.MyBatisSystemException: nested exception is org.apache.ibatis.binding.BindingException: Parameter 'outdownId' not found. Available parameters are [godownId, param1, status, param2]]
2021-03-18 16:49:34.457 [http-nio-8082-exec-1] WARN  com.zaxxer.hikari.util.DriverDataSource - Registered driver with driverClassName=com.mysql.jdbc.Driver was not found, trying direct instantiation.
2021-03-18 16:49:34.744 [http-nio-8082-exec-1] WARN  org.springframework.web.servlet.mvc.method.annotation.ExceptionHandlerExceptionResolver - Resolved [org.mybatis.spring.MyBatisSystemException: nested exception is org.apache.ibatis.binding.BindingException: Parameter 'outdownId' not found. Available parameters are [godownId, param1, status, param2]]
2021-03-18 16:50:23.713 [http-nio-8082-exec-1] WARN  com.zaxxer.hikari.util.DriverDataSource - Registered driver with driverClassName=com.mysql.jdbc.Driver was not found, trying direct instantiation.
2021-03-18 19:55:00.357 [http-nio-8082-exec-5] WARN  com.zaxxer.hikari.util.DriverDataSource - Registered driver with driverClassName=com.mysql.jdbc.Driver was not found, trying direct instantiation.
2021-03-18 20:02:13.934 [http-nio-8082-exec-7] WARN  org.springframework.web.servlet.mvc.method.annotation.ExceptionHandlerExceptionResolver - Resolved [org.apache.shiro.UnavailableSecurityManagerException: No SecurityManager accessible to the calling code, either bound to the org.apache.shiro.util.ThreadContext or as a vm static singleton.  This is an invalid application configuration.]
2021-03-18 20:03:27.497 [http-nio-8082-exec-10] WARN  org.springframework.web.servlet.mvc.method.annotation.ExceptionHandlerExceptionResolver - Resolved [org.apache.shiro.UnavailableSecurityManagerException: No SecurityManager accessible to the calling code, either bound to the org.apache.shiro.util.ThreadContext or as a vm static singleton.  This is an invalid application configuration.]
2021-03-18 20:03:28.410 [http-nio-8082-exec-3] WARN  org.springframework.web.servlet.mvc.method.annotation.ExceptionHandlerExceptionResolver - Resolved [org.apache.shiro.UnavailableSecurityManagerException: No SecurityManager accessible to the calling code, either bound to the org.apache.shiro.util.ThreadContext or as a vm static singleton.  This is an invalid application configuration.]
2021-03-18 20:03:28.940 [http-nio-8082-exec-6] WARN  org.springframework.web.servlet.mvc.method.annotation.ExceptionHandlerExceptionResolver - Resolved [org.apache.shiro.UnavailableSecurityManagerException: No SecurityManager accessible to the calling code, either bound to the org.apache.shiro.util.ThreadContext or as a vm static singleton.  This is an invalid application configuration.]
2021-03-18 20:03:29.241 [http-nio-8082-exec-2] WARN  org.springframework.web.servlet.mvc.method.annotation.ExceptionHandlerExceptionResolver - Resolved [org.apache.shiro.UnavailableSecurityManagerException: No SecurityManager accessible to the calling code, either bound to the org.apache.shiro.util.ThreadContext or as a vm static singleton.  This is an invalid application configuration.]
2021-03-18 20:03:29.429 [http-nio-8082-exec-1] WARN  org.springframework.web.servlet.mvc.method.annotation.ExceptionHandlerExceptionResolver - Resolved [org.apache.shiro.UnavailableSecurityManagerException: No SecurityManager accessible to the calling code, either bound to the org.apache.shiro.util.ThreadContext or as a vm static singleton.  This is an invalid application configuration.]
2021-03-18 20:03:29.607 [http-nio-8082-exec-5] WARN  org.springframework.web.servlet.mvc.method.annotation.ExceptionHandlerExceptionResolver - Resolved [org.apache.shiro.UnavailableSecurityManagerException: No SecurityManager accessible to the calling code, either bound to the org.apache.shiro.util.ThreadContext or as a vm static singleton.  This is an invalid application configuration.]
2021-03-18 20:03:29.770 [http-nio-8082-exec-4] WARN  org.springframework.web.servlet.mvc.method.annotation.ExceptionHandlerExceptionResolver - Resolved [org.apache.shiro.UnavailableSecurityManagerException: No SecurityManager accessible to the calling code, either bound to the org.apache.shiro.util.ThreadContext or as a vm static singleton.  This is an invalid application configuration.]
2021-03-18 20:03:29.936 [http-nio-8082-exec-8] WARN  org.springframework.web.servlet.mvc.method.annotation.ExceptionHandlerExceptionResolver - Resolved [org.apache.shiro.UnavailableSecurityManagerException: No SecurityManager accessible to the calling code, either bound to the org.apache.shiro.util.ThreadContext or as a vm static singleton.  This is an invalid application configuration.]
2021-03-18 20:03:30.271 [http-nio-8082-exec-7] WARN  org.springframework.web.servlet.mvc.method.annotation.ExceptionHandlerExceptionResolver - Resolved [org.apache.shiro.UnavailableSecurityManagerException: No SecurityManager accessible to the calling code, either bound to the org.apache.shiro.util.ThreadContext or as a vm static singleton.  This is an invalid application configuration.]
2021-03-18 20:03:30.438 [http-nio-8082-exec-9] WARN  org.springframework.web.servlet.mvc.method.annotation.ExceptionHandlerExceptionResolver - Resolved [org.apache.shiro.UnavailableSecurityManagerException: No SecurityManager accessible to the calling code, either bound to the org.apache.shiro.util.ThreadContext or as a vm static singleton.  This is an invalid application configuration.]
2021-03-18 20:03:30.618 [http-nio-8082-exec-10] WARN  org.springframework.web.servlet.mvc.method.annotation.ExceptionHandlerExceptionResolver - Resolved [org.apache.shiro.UnavailableSecurityManagerException: No SecurityManager accessible to the calling code, either bound to the org.apache.shiro.util.ThreadContext or as a vm static singleton.  This is an invalid application configuration.]
2021-03-18 20:06:50.057 [http-nio-8082-exec-6] WARN  org.springframework.web.servlet.mvc.method.annotation.ExceptionHandlerExceptionResolver - Resolved [org.apache.shiro.UnavailableSecurityManagerException: No SecurityManager accessible to the calling code, either bound to the org.apache.shiro.util.ThreadContext or as a vm static singleton.  This is an invalid application configuration.]
2021-03-18 20:07:14.932 [http-nio-8082-exec-5] WARN  org.springframework.web.servlet.mvc.method.annotation.ExceptionHandlerExceptionResolver - Resolved [org.apache.shiro.UnavailableSecurityManagerException: No SecurityManager accessible to the calling code, either bound to the org.apache.shiro.util.ThreadContext or as a vm static singleton.  This is an invalid application configuration.]
2021-03-18 20:08:06.259 [http-nio-8082-exec-2] WARN  org.springframework.web.servlet.mvc.method.annotation.ExceptionHandlerExceptionResolver - Resolved [org.apache.shiro.UnavailableSecurityManagerException: No SecurityManager accessible to the calling code, either bound to the org.apache.shiro.util.ThreadContext or as a vm static singleton.  This is an invalid application configuration.]
2021-03-18 20:14:31.060 [http-nio-8082-exec-2] WARN  org.springframework.web.servlet.mvc.method.annotation.ExceptionHandlerExceptionResolver - Resolved [org.apache.shiro.UnavailableSecurityManagerException: No SecurityManager accessible to the calling code, either bound to the org.apache.shiro.util.ThreadContext or as a vm static singleton.  This is an invalid application configuration.]
2021-03-18 20:19:01.707 [restartedMain] WARN  org.springframework.boot.devtools.autoconfigure.OptionalLiveReloadServer - Unable to start LiveReload server
2021-03-18 20:19:02.200 [restartedMain] WARN  org.springframework.boot.web.servlet.context.AnnotationConfigServletWebServerApplicationContext - Exception encountered during context initialization - cancelling refresh attempt: org.springframework.context.ApplicationContextException: Failed to start bean 'webServerStartStop'; nested exception is org.springframework.boot.web.server.PortInUseException: Port 8082 is already in use
2021-03-18 20:20:20.542 [http-nio-8082-exec-10] WARN  com.zaxxer.hikari.util.DriverDataSource - Registered driver with driverClassName=com.mysql.jdbc.Driver was not found, trying direct instantiation.
2021-03-18 20:26:03.004 [http-nio-8082-exec-10] WARN  com.zaxxer.hikari.util.DriverDataSource - Registered driver with driverClassName=com.mysql.jdbc.Driver was not found, trying direct instantiation.
2021-03-18 20:32:31.994 [http-nio-8082-exec-10] WARN  com.zaxxer.hikari.util.DriverDataSource - Registered driver with driverClassName=com.mysql.jdbc.Driver was not found, trying direct instantiation.
2021-03-18 20:32:32.336 [http-nio-8082-exec-10] WARN  org.springframework.web.servlet.mvc.method.annotation.ExceptionHandlerExceptionResolver - Resolved [org.springframework.jdbc.BadSqlGrammarException: 
### Error updating database.  Cause: java.sql.SQLSyntaxErrorException: You have an error in your SQL syntax; check the manual that corresponds to your MySQL server version for the right syntax to use near 'where user_id = '99ab47bf01db42caac05f51666b93bf3'' at line 9
### The error may involve com.example.demo.user.mapper.UserMapper.updateUser-Inline
### The error occurred while setting parameters
### SQL: update user         set             user_name = ?,             img_path = ?,             department_id = ?,             user_describe = ?,             job_name      = ?,                      where user_id = ?
### Cause: java.sql.SQLSyntaxErrorException: You have an error in your SQL syntax; check the manual that corresponds to your MySQL server version for the right syntax to use near 'where user_id = '99ab47bf01db42caac05f51666b93bf3'' at line 9
; bad SQL grammar []; nested exception is java.sql.SQLSyntaxErrorException: You have an error in your SQL syntax; check the manual that corresponds to your MySQL server version for the right syntax to use near 'where user_id = '99ab47bf01db42caac05f51666b93bf3'' at line 9]
2021-03-18 20:33:35.344 [http-nio-8082-exec-1] WARN  com.zaxxer.hikari.util.DriverDataSource - Registered driver with driverClassName=com.mysql.jdbc.Driver was not found, trying direct instantiation.
2021-03-18 21:03:35.239 [http-nio-8082-exec-8] WARN  com.zaxxer.hikari.util.DriverDataSource - Registered driver with driverClassName=com.mysql.jdbc.Driver was not found, trying direct instantiation.
2021-03-18 21:38:58.311 [http-nio-8082-exec-10] WARN  com.zaxxer.hikari.util.DriverDataSource - Registered driver with driverClassName=com.mysql.jdbc.Driver was not found, trying direct instantiation.
2021-03-18 21:47:06.930 [http-nio-8082-exec-10] WARN  com.zaxxer.hikari.util.DriverDataSource - Registered driver with driverClassName=com.mysql.jdbc.Driver was not found, trying direct instantiation.
2021-03-18 21:52:29.461 [http-nio-8082-exec-10] WARN  org.springframework.web.servlet.mvc.method.annotation.ExceptionHandlerExceptionResolver - Resolved [org.mybatis.spring.MyBatisSystemException: nested exception is org.apache.ibatis.binding.BindingException: Parameter 'departmentId' not found. Available parameters are [collection, list]]
2021-03-18 21:53:08.568 [http-nio-8082-exec-1] WARN  com.zaxxer.hikari.util.DriverDataSource - Registered driver with driverClassName=com.mysql.jdbc.Driver was not found, trying direct instantiation.
